28-Jul-25 17:35:43 - 
					 LP relaxation final tableau:

28-Jul-25 17:35:44 - +y16 +y41 +y66 +y91 +y116 +y141 +y166 +y191 +y216 +y241 +y266 +y291 +y316 +y341 +y366 +y391 = 146/1

28-Jul-25 17:35:45 - +y17 +y42 +y67 +y92 +y117 +y142 +y167 +y192 +y217 +y242 +y267 +y292 +y317 +y342 +y367 +y392 = 87/1

28-Jul-25 17:35:46 - +y18 +y43 +y68 +y93 +y118 +y143 +y168 +y193 +y218 +y243 +y268 +y293 +y318 +y343 +y368 +y393 = 672/1

28-Jul-25 17:35:48 - +y19 +y44 +y69 +y94 +y119 +y144 +y169 +y194 +y219 +y244 +y269 +y294 +y319 +y344 +y369 +y394 = 1337/1

28-Jul-25 17:35:49 - +y20 +y45 +y70 +y95 +y120 +y145 +y170 +y195 +y220 +y245 +y270 +y295 +y320 +y345 +y370 +y395 = 31/1

28-Jul-25 17:35:51 - +y21 +y46 +y71 +y96 +y121 +y146 +y171 +y196 +y221 +y246 +y271 +y296 +y321 +y346 +y371 +y396 = 559/1

28-Jul-25 17:35:52 - +y22 +y47 +y72 +y97 +y122 +y147 +y172 +y197 +y222 +y247 +y272 +y297 +y322 +y347 +y372 +y397 = 2370/1

28-Jul-25 17:35:53 - +y23 +y48 +y73 +y98 +y123 +y148 +y173 +y198 +y223 +y248 +y273 +y298 +y323 +y348 +y373 +y398 = 1089/1

28-Jul-25 17:35:54 - +y24 +y49 +y74 +y99 +y124 +y149 +y174 +y199 +y224 +y249 +y274 +y299 +y324 +y349 +y374 +y399 = 33/1

28-Jul-25 17:35:55 - +y25 +y50 +y75 +y100 +y125 +y150 +y175 +y200 +y225 +y250 +y275 +y300 +y325 +y350 +y375 +y400 = 32/1

28-Jul-25 17:35:57 - +y26 +y51 +y76 +y101 +y126 +y151 +y176 +y201 +y226 +y251 +y276 +y301 +y326 +y351 +y376 +y401 = 5495/1

28-Jul-25 17:35:58 - +y27 +y52 +y77 +y102 +y127 +y152 +y177 +y202 +y227 +y252 +y277 +y302 +y327 +y352 +y377 +y402 = 904/1

28-Jul-25 17:35:59 - +y28 +y53 +y78 +y103 +y128 +y153 +y178 +y203 +y228 +y253 +y278 +y303 +y328 +y353 +y378 +y403 = 1466/1

28-Jul-25 17:36:00 - +y29 +y54 +y79 +y104 +y129 +y154 +y179 +y204 +y229 +y254 +y279 +y304 +y329 +y354 +y379 +y404 = 143/1

28-Jul-25 17:36:02 - +y30 +y55 +y80 +y105 +y130 +y155 +y180 +y205 +y230 +y255 +y280 +y305 +y330 +y355 +y380 +y405 = 615/1

28-Jul-25 17:36:04 - +y31 +y56 +y81 +y106 +y131 +y156 +y181 +y206 +y231 +y256 +y281 +y306 +y331 +y356 +y381 +y406 = 564/1

28-Jul-25 17:36:05 - +y32 +y57 +y82 +y107 +y132 +y157 +y182 +y207 +y232 +y257 +y282 +y307 +y332 +y357 +y382 +y407 = 226/1

28-Jul-25 17:36:06 - +y33 +y58 +y83 +y108 +y133 +y158 +y183 +y208 +y233 +y258 +y283 +y308 +y333 +y358 +y383 +y408 = 3016/1

28-Jul-25 17:36:07 - +y34 +y59 +y84 +y109 +y134 +y159 +y184 +y209 +y234 +y259 +y284 +y309 +y334 +y359 +y384 +y409 = 253/1

28-Jul-25 17:36:08 - +y35 +y60 +y85 +y110 +y135 +y160 +y185 +y210 +y235 +y260 +y285 +y310 +y335 +y360 +y385 +y410 = 195/1

28-Jul-25 17:36:09 - +y36 +y61 +y86 +y111 +y136 +y161 +y186 +y211 +y236 +y261 +y286 +y311 +y336 +y361 +y386 +y411 = 38/1

28-Jul-25 17:36:10 - +y37 +y62 +y87 +y112 +y137 +y162 +y187 +y212 +y237 +y262 +y287 +y312 +y337 +y362 +y387 +y412 = 807/1

28-Jul-25 17:36:11 - +y38 +y63 +y88 +y113 +y138 +y163 +y188 +y213 +y238 +y263 +y288 +y313 +y338 +y363 +y388 +y413 = 551/1

28-Jul-25 17:36:12 - +y39 +y64 +y89 +y114 +y139 +y164 +y189 +y214 +y239 +y264 +y289 +y314 +y339 +y364 +y389 +y414 = 304/1

28-Jul-25 17:36:13 - +y40 +y65 +y90 +y115 +y140 +y165 +y190 +y215 +y240 +y265 +y290 +y315 +y340 +y365 +y390 +y415 = 814/1

28-Jul-25 17:36:15 - -1/1 y9 +y247 +x0222 = 0/1

28-Jul-25 17:36:16 - -1/1 y9 +y248 +x0223 = 0/1

28-Jul-25 17:36:17 - -1/1 y4 +y119 +x094 = 0/1

28-Jul-25 17:36:18 - -1/1 y9 +y249 +x0224 = 0/1

28-Jul-25 17:36:19 - -1/1 y9 +y250 +x0225 = 0/1

28-Jul-25 17:36:20 - -1/1 y4 +y120 +x095 = 0/1

28-Jul-25 17:36:21 - -1/1 y1 +y55 +x030 = 0/1

28-Jul-25 17:36:22 - -1/1 y9 +y251 +x0226 = 0/1

28-Jul-25 17:36:23 - -1/1 y9 +y252 +x0227 = 0/1

28-Jul-25 17:36:24 - -1/1 y4 +y121 +x096 = 0/1

28-Jul-25 17:36:26 - -1/1 y9 +y253 +x0228 = 0/1

28-Jul-25 17:36:27 - -1/1 y9 +y254 +x0229 = 0/1

28-Jul-25 17:36:28 - -1/1 y4 +y122 +x097 = 0/1

28-Jul-25 17:36:29 - -1/1 y1 +y56 +x031 = 0/1

28-Jul-25 17:36:30 - -1/1 y0 +y23 +y423 = 0/1

28-Jul-25 17:36:31 - -1/1 y9 +y255 +x0230 = 0/1

28-Jul-25 17:36:33 - -1/1 y9 +y256 +x0231 = 0/1

28-Jul-25 17:36:34 - -1/1 y4 +y123 +x098 = 0/1

28-Jul-25 17:36:35 - -1/1 y9 +y257 +x0232 = 0/1

28-Jul-25 17:36:35 - -1/1 y9 +y258 +x0233 = 0/1

28-Jul-25 17:36:36 - -1/1 y4 +y124 +x099 = 0/1

28-Jul-25 17:36:37 - -1/1 y1 +y57 +x032 = 0/1

28-Jul-25 17:36:39 - -1/1 y9 +y259 +x0234 = 0/1

28-Jul-25 17:36:40 - -1/1 y9 +y260 +x0235 = 0/1

28-Jul-25 17:36:40 - -1/1 y4 +y125 +x0100 = 0/1

28-Jul-25 17:36:42 - -1/1 y9 +y261 +x0236 = 0/1

28-Jul-25 17:36:43 - -1/1 y9 +y262 +x0237 = 0/1

28-Jul-25 17:36:44 - -1/1 y4 +y126 +x0101 = 0/1

28-Jul-25 17:36:45 - -1/1 y1 +y58 +x033 = 0/1

28-Jul-25 17:36:46 - -1/1 y0 +y24 +y424 = 0/1

28-Jul-25 17:36:47 - -1/1 y9 +y263 +x0238 = 0/1

28-Jul-25 17:36:48 - -1/1 y9 +y264 +x0239 = 0/1

28-Jul-25 17:36:49 - -1/1 y4 +y127 +x0102 = 0/1

28-Jul-25 17:36:50 - -1/1 y9 +y265 +x0240 = 0/1

28-Jul-25 17:36:51 - -1/1 y10 +y266 +x0241 = 0/1

28-Jul-25 17:36:52 - -1/1 y4 +y128 +x0103 = 0/1

28-Jul-25 17:36:54 - -1/1 y1 +y59 +x034 = 0/1

28-Jul-25 17:36:55 - -1/1 y10 +y267 +x0242 = 0/1

28-Jul-25 17:36:56 - -1/1 y10 +y268 +x0243 = 0/1

28-Jul-25 17:36:57 - -1/1 y4 +y129 +x0104 = 0/1

28-Jul-25 17:36:58 - -1/1 y10 +y269 +x0244 = 0/1

28-Jul-25 17:36:59 - -1/1 y10 +y270 +x0245 = 0/1

28-Jul-25 17:37:00 - -1/1 y4 +y130 +x0105 = 0/1

28-Jul-25 17:37:01 - -1/1 y1 +y60 +x035 = 0/1

28-Jul-25 17:37:02 - -1/1 y0 +y25 +x00 = 0/1

28-Jul-25 17:37:03 - -1/1 y10 +y271 +x0246 = 0/1

28-Jul-25 17:37:05 - -1/1 y10 +y272 +x0247 = 0/1

28-Jul-25 17:37:06 - -1/1 y4 +y131 +x0106 = 0/1

28-Jul-25 17:37:07 - -1/1 y10 +y273 +x0248 = 0/1

28-Jul-25 17:37:08 - -1/1 y10 +y274 +x0249 = 0/1

28-Jul-25 17:37:09 - -1/1 y4 +y132 +x0107 = 0/1

28-Jul-25 17:37:10 - -1/1 y1 +y61 +x036 = 0/1

28-Jul-25 17:37:11 - -1/1 y10 +y275 +x0250 = 0/1

28-Jul-25 17:37:12 - -1/1 y10 +y276 +x0251 = 0/1

28-Jul-25 17:37:13 - -1/1 y4 +y133 +x0108 = 0/1

28-Jul-25 17:37:14 - -1/1 y10 +y277 +x0252 = 0/1

28-Jul-25 17:37:15 - -1/1 y10 +y278 +x0253 = 0/1

28-Jul-25 17:37:17 - -1/1 y4 +y134 +x0109 = 0/1

28-Jul-25 17:37:18 - -1/1 y1 +y62 +x037 = 0/1

28-Jul-25 17:37:19 - -1/1 y0 +y26 +x01 = 0/1

28-Jul-25 17:37:20 - -1/1 y10 +y279 +x0254 = 0/1

28-Jul-25 17:37:21 - -1/1 y10 +y280 +x0255 = 0/1

28-Jul-25 17:37:22 - -1/1 y4 +y135 +x0110 = 0/1

28-Jul-25 17:37:23 - -1/1 y10 +y281 +x0256 = 0/1

28-Jul-25 17:37:25 - -1/1 y10 +y282 +x0257 = 0/1

28-Jul-25 17:37:26 - -1/1 y4 +y136 +x0111 = 0/1

28-Jul-25 17:37:27 - -1/1 y1 +y63 +x038 = 0/1

28-Jul-25 17:37:28 - -1/1 y10 +y283 +x0258 = 0/1

28-Jul-25 17:37:29 - -1/1 y10 +y284 +x0259 = 0/1

28-Jul-25 17:37:30 - -1/1 y4 +y137 +x0112 = 0/1

28-Jul-25 17:37:31 - -1/1 y10 +y285 +x0260 = 0/1

28-Jul-25 17:37:32 - -1/1 y10 +y286 +x0261 = 0/1

28-Jul-25 17:37:33 - -1/1 y4 +y138 +x0113 = 0/1

28-Jul-25 17:37:34 - -1/1 y1 +y64 +x039 = 0/1

28-Jul-25 17:37:35 - -1/1 y0 +y27 +x02 = 0/1

28-Jul-25 17:37:36 - -1/1 y10 +y287 +x0262 = 0/1

28-Jul-25 17:37:37 - -1/1 y10 +y288 +x0263 = 0/1

28-Jul-25 17:37:39 - -1/1 y4 +y139 +x0114 = 0/1

28-Jul-25 17:37:40 - -1/1 y10 +y289 +x0264 = 0/1

28-Jul-25 17:37:41 - -1/1 y10 +y290 +x0265 = 0/1

28-Jul-25 17:37:42 - -1/1 y4 +y140 +x0115 = 0/1

28-Jul-25 17:37:43 - -1/1 y1 +y65 +x040 = 0/1

28-Jul-25 17:37:44 - -1/1 y11 +y291 +x0266 = 0/1

28-Jul-25 17:37:45 - -1/1 y11 +y292 +x0267 = 0/1

28-Jul-25 17:37:46 - -1/1 y5 +y141 +x0116 = 0/1

28-Jul-25 17:37:47 - -1/1 y11 +y293 +x0268 = 0/1

28-Jul-25 17:37:48 - -1/1 y11 +y294 +x0269 = 0/1

28-Jul-25 17:37:50 - -1/1 y5 +y142 +x0117 = 0/1

28-Jul-25 17:37:51 - -1/1 y2 +y66 +x041 = 0/1

28-Jul-25 17:37:52 - -1/1 y0 +y28 +x03 = 0/1

28-Jul-25 17:37:53 - -1/1 y11 +y295 +x0270 = 0/1

28-Jul-25 17:37:54 - -1/1 y11 +y296 +x0271 = 0/1

28-Jul-25 17:37:55 - -1/1 y5 +y143 +x0118 = 0/1

28-Jul-25 17:37:56 - -1/1 y11 +y297 +x0272 = 0/1

28-Jul-25 17:37:57 - -1/1 y11 +y298 +x0273 = 0/1

28-Jul-25 17:37:58 - -1/1 y5 +y144 +x0119 = 0/1

28-Jul-25 17:37:59 - -1/1 y2 +y67 +x042 = 0/1

28-Jul-25 17:38:00 - -1/1 y11 +y299 +x0274 = 0/1

28-Jul-25 17:38:01 - -1/1 y11 +y300 +x0275 = 0/1

28-Jul-25 17:38:03 - -1/1 y5 +y145 +x0120 = 0/1

28-Jul-25 17:38:04 - -1/1 y11 +y301 +x0276 = 0/1

28-Jul-25 17:38:05 - -1/1 y11 +y302 +x0277 = 0/1

28-Jul-25 17:38:06 - -1/1 y5 +y146 +x0121 = 0/1

28-Jul-25 17:38:07 - -1/1 y2 +y68 +x043 = 0/1

28-Jul-25 17:38:08 - -1/1 y0 +y29 +x04 = 0/1

28-Jul-25 17:38:09 - -1/1 y11 +y303 +x0278 = 0/1

28-Jul-25 17:38:10 - -1/1 y11 +y304 +x0279 = 0/1

28-Jul-25 17:38:11 - -1/1 y5 +y147 +x0122 = 0/1

28-Jul-25 17:38:12 - -1/1 y11 +y305 +x0280 = 0/1

28-Jul-25 17:38:14 - -1/1 y11 +y306 +x0281 = 0/1

28-Jul-25 17:38:15 - -1/1 y5 +y148 +x0123 = 0/1

28-Jul-25 17:38:16 - -1/1 y2 +y69 +x044 = 0/1

28-Jul-25 17:38:16 - -1/1 y11 +y307 +x0282 = 0/1

28-Jul-25 17:38:17 - -1/1 y11 +y308 +x0283 = 0/1

28-Jul-25 17:38:19 - -1/1 y5 +y149 +x0124 = 0/1

28-Jul-25 17:38:20 - -1/1 y11 +y309 +x0284 = 0/1

28-Jul-25 17:38:20 - -1/1 y11 +y310 +x0285 = 0/1

28-Jul-25 17:38:22 - -1/1 y5 +y150 +x0125 = 0/1

28-Jul-25 17:38:23 - -1/1 y2 +y70 +x045 = 0/1

28-Jul-25 17:38:24 - -1/1 y0 +y30 +x05 = 0/1

28-Jul-25 17:38:25 - -1/1 y11 +y311 +x0286 = 0/1

28-Jul-25 17:38:26 - -1/1 y11 +y312 +x0287 = 0/1

28-Jul-25 17:38:27 - -1/1 y5 +y151 +x0126 = 0/1

28-Jul-25 17:38:28 - -1/1 y11 +y313 +x0288 = 0/1

28-Jul-25 17:38:29 - -1/1 y11 +y314 +x0289 = 0/1

28-Jul-25 17:38:31 - -1/1 y5 +y152 +x0127 = 0/1

28-Jul-25 17:38:32 - -1/1 y2 +y71 +x046 = 0/1

28-Jul-25 17:38:33 - -1/1 y11 +y315 +x0290 = 0/1

28-Jul-25 17:38:34 - -1/1 y12 +y316 +x0291 = 0/1

28-Jul-25 17:38:35 - -1/1 y5 +y153 +x0128 = 0/1

28-Jul-25 17:38:36 - -1/1 y12 +y317 +x0292 = 0/1

28-Jul-25 17:38:37 - -1/1 y12 +y318 +x0293 = 0/1

28-Jul-25 17:38:38 - -1/1 y5 +y154 +x0129 = 0/1

28-Jul-25 17:38:39 - -1/1 y2 +y72 +x047 = 0/1

28-Jul-25 17:38:40 - -1/1 y0 +y31 +x06 = 0/1

28-Jul-25 17:38:42 - -1/1 y12 +y319 +x0294 = 0/1

28-Jul-25 17:38:43 - -1/1 y12 +y320 +x0295 = 0/1

28-Jul-25 17:38:44 - -1/1 y5 +y155 +x0130 = 0/1

28-Jul-25 17:38:45 - -1/1 y12 +y321 +x0296 = 0/1

28-Jul-25 17:38:46 - -1/1 y12 +y322 +x0297 = 0/1

28-Jul-25 17:38:47 - -1/1 y5 +y156 +x0131 = 0/1

28-Jul-25 17:38:48 - -1/1 y2 +y73 +x048 = 0/1

28-Jul-25 17:38:49 - -1/1 y12 +y323 +x0298 = 0/1

28-Jul-25 17:38:51 - -1/1 y12 +y324 +x0299 = 0/1

28-Jul-25 17:38:52 - -1/1 y5 +y157 +x0132 = 0/1

28-Jul-25 17:38:53 - -1/1 y12 +y325 +x0300 = 0/1

28-Jul-25 17:38:54 - -1/1 y12 +y326 +x0301 = 0/1

28-Jul-25 17:38:55 - -1/1 y5 +y158 +x0133 = 0/1

28-Jul-25 17:38:56 - -1/1 y2 +y74 +x049 = 0/1

28-Jul-25 17:38:57 - -1/1 y0 +y32 +x07 = 0/1

28-Jul-25 17:38:58 - -1/1 y12 +y327 +x0302 = 0/1

28-Jul-25 17:39:00 - -1/1 y12 +y328 +x0303 = 0/1

28-Jul-25 17:39:01 - -1/1 y5 +y159 +x0134 = 0/1

28-Jul-25 17:39:02 - -1/1 y12 +y329 +x0304 = 0/1

28-Jul-25 17:39:03 - -1/1 y12 +y330 +x0305 = 0/1

28-Jul-25 17:39:04 - -1/1 y5 +y160 +x0135 = 0/1

28-Jul-25 17:39:05 - -1/1 y2 +y75 +x050 = 0/1

28-Jul-25 17:39:06 - -1/1 y12 +y331 +x0306 = 0/1

28-Jul-25 17:39:08 - -1/1 y12 +y332 +x0307 = 0/1

28-Jul-25 17:39:09 - -1/1 y5 +y161 +x0136 = 0/1

28-Jul-25 17:39:10 - -1/1 y12 +y333 +x0308 = 0/1

28-Jul-25 17:39:11 - -1/1 y12 +y334 +x0309 = 0/1

28-Jul-25 17:39:12 - -1/1 y5 +y162 +x0137 = 0/1

28-Jul-25 17:39:13 - -1/1 y2 +y76 +x051 = 0/1

28-Jul-25 17:39:14 - -1/1 y0 +y33 +x08 = 0/1

28-Jul-25 17:39:15 - -1/1 y12 +y335 +x0310 = 0/1

28-Jul-25 17:39:16 - -1/1 y12 +y336 +x0311 = 0/1

28-Jul-25 17:39:17 - -1/1 y5 +y163 +x0138 = 0/1

28-Jul-25 17:39:18 - -1/1 y12 +y337 +x0312 = 0/1

28-Jul-25 17:39:20 - -1/1 y12 +y338 +x0313 = 0/1

28-Jul-25 17:39:21 - -1/1 y5 +y164 +x0139 = 0/1

28-Jul-25 17:39:22 - -1/1 y2 +y77 +x052 = 0/1

28-Jul-25 17:39:23 - -1/1 y12 +y339 +x0314 = 0/1

28-Jul-25 17:39:24 - -1/1 y12 +y340 +x0315 = 0/1

28-Jul-25 17:39:26 - -1/1 y5 +y165 +x0140 = 0/1

28-Jul-25 17:39:27 - -1/1 y13 +y341 +x0316 = 0/1

28-Jul-25 17:39:28 - -1/1 y13 +y342 +x0317 = 0/1

28-Jul-25 17:39:29 - -1/1 y6 +y166 +x0141 = 0/1

28-Jul-25 17:39:30 - -1/1 y2 +y78 +x053 = 0/1

28-Jul-25 17:39:31 - -1/1 y0 +y34 +x09 = 0/1

28-Jul-25 17:39:32 - -1/1 y13 +y343 +x0318 = 0/1

28-Jul-25 17:39:33 - -1/1 y13 +y344 +x0319 = 0/1

28-Jul-25 17:39:34 - -1/1 y6 +y167 +x0142 = 0/1

28-Jul-25 17:39:35 - -1/1 y13 +y345 +x0320 = 0/1

28-Jul-25 17:39:36 - -1/1 y13 +y346 +x0321 = 0/1

28-Jul-25 17:39:38 - -1/1 y6 +y168 +x0143 = 0/1

28-Jul-25 17:39:39 - -1/1 y2 +y79 +x054 = 0/1

28-Jul-25 17:39:40 - -1/1 y13 +y347 +x0322 = 0/1

28-Jul-25 17:39:41 - -1/1 y13 +y348 +x0323 = 0/1

28-Jul-25 17:39:42 - -1/1 y6 +y169 +x0144 = 0/1

28-Jul-25 17:39:43 - -1/1 y13 +y349 +x0324 = 0/1

28-Jul-25 17:39:44 - -1/1 y13 +y350 +x0325 = 0/1

28-Jul-25 17:39:45 - -1/1 y6 +y170 +x0145 = 0/1

28-Jul-25 17:39:46 - -1/1 y2 +y80 +x055 = 0/1

28-Jul-25 17:39:48 - -1/1 y0 +y35 +x010 = 0/1

28-Jul-25 17:39:49 - -1/1 y13 +y351 +x0326 = 0/1

28-Jul-25 17:39:50 - -1/1 y13 +y352 +x0327 = 0/1

28-Jul-25 17:39:51 - -1/1 y6 +y171 +x0146 = 0/1

28-Jul-25 17:39:52 - -1/1 y13 +y353 +x0328 = 0/1

28-Jul-25 17:39:53 - -1/1 y13 +y354 +x0329 = 0/1

28-Jul-25 17:39:54 - -1/1 y6 +y172 +x0147 = 0/1

28-Jul-25 17:39:55 - -1/1 y2 +y81 +x056 = 0/1

28-Jul-25 17:39:56 - -1/1 y13 +y355 +x0330 = 0/1

28-Jul-25 17:39:58 - -1/1 y13 +y356 +x0331 = 0/1

28-Jul-25 17:39:59 - -1/1 y6 +y173 +x0148 = 0/1

28-Jul-25 17:40:00 - -1/1 y13 +y357 +x0332 = 0/1

28-Jul-25 17:40:01 - -1/1 y13 +y358 +x0333 = 0/1

28-Jul-25 17:40:02 - -1/1 y6 +y174 +x0149 = 0/1

28-Jul-25 17:40:03 - -1/1 y2 +y82 +x057 = 0/1

28-Jul-25 17:40:04 - -1/1 y0 +y36 +x011 = 0/1

28-Jul-25 17:40:05 - -1/1 y13 +y359 +x0334 = 0/1

28-Jul-25 17:40:06 - -1/1 y13 +y360 +x0335 = 0/1

28-Jul-25 17:40:07 - -1/1 y6 +y175 +x0150 = 0/1

28-Jul-25 17:40:09 - -1/1 y13 +y361 +x0336 = 0/1

28-Jul-25 17:40:10 - -1/1 y13 +y362 +x0337 = 0/1

28-Jul-25 17:40:11 - -1/1 y6 +y176 +x0151 = 0/1

28-Jul-25 17:40:12 - -1/1 y2 +y83 +x058 = 0/1

28-Jul-25 17:40:13 - -1/1 y13 +y363 +x0338 = 0/1

28-Jul-25 17:40:14 - -1/1 y13 +y364 +x0339 = 0/1

28-Jul-25 17:40:15 - -1/1 y6 +y177 +x0152 = 0/1

28-Jul-25 17:40:16 - -1/1 y13 +y365 +x0340 = 0/1

28-Jul-25 17:40:17 - -1/1 y14 +y366 +x0341 = 0/1

28-Jul-25 17:40:18 - -1/1 y6 +y178 +x0153 = 0/1

28-Jul-25 17:40:19 - -1/1 y2 +y84 +x059 = 0/1

28-Jul-25 17:40:20 - -1/1 y0 +y37 +x012 = 0/1

28-Jul-25 17:40:21 - -1/1 y14 +y367 +x0342 = 0/1

28-Jul-25 17:40:23 - -1/1 y14 +y368 +x0343 = 0/1

28-Jul-25 17:40:24 - -1/1 y6 +y179 +x0154 = 0/1

28-Jul-25 17:40:25 - -1/1 y14 +y369 +x0344 = 0/1

28-Jul-25 17:40:26 - -1/1 y14 +y370 +x0345 = 0/1

28-Jul-25 17:40:27 - -1/1 y6 +y180 +x0155 = 0/1

28-Jul-25 17:40:28 - -1/1 y2 +y85 +x060 = 0/1

28-Jul-25 17:40:29 - -1/1 y14 +y371 +x0346 = 0/1

28-Jul-25 17:40:30 - -1/1 y14 +y372 +x0347 = 0/1

28-Jul-25 17:50:06 - +y16 +y41 +y66 +y91 +y116 +y141 +y166 +y191 +y216 +y241 +y266 +y291 +y316 +y341 +y366 +y391 = 146/1

28-Jul-25 17:50:30 - +y17 +y42 +y67 +y92 +y117 +y142 +y167 +y192 +y217 +y242 +y267 +y292 +y317 +y342 +y367 +y392 = 87/1

28-Jul-25 17:50:55 - +y18 +y43 +y68 +y93 +y118 +y143 +y168 +y193 +y218 +y243 +y268 +y293 +y318 +y343 +y368 +y393 = 672/1

28-Jul-25 17:51:37 - +y19 +y44 +y69 +y94 +y119 +y144 +y169 +y194 +y219 +y244 +y269 +y294 +y319 +y344 +y369 +y394 = 1337/1

28-Jul-25 17:52:21 - +y20 +y45 +y70 +y95 +y120 +y145 +y170 +y195 +y220 +y245 +y270 +y295 +y320 +y345 +y370 +y395 = 31/1

28-Jul-25 17:53:04 - +y21 +y46 +y71 +y96 +y121 +y146 +y171 +y196 +y221 +y246 +y271 +y296 +y321 +y346 +y371 +y396 = 559/1

28-Jul-25 17:53:52 - +y22 +y47 +y72 +y97 +y122 +y147 +y172 +y197 +y222 +y247 +y272 +y297 +y322 +y347 +y372 +y397 = 2370/1

